host-app/build/intermediates/manifest_merge_blame_file/debug/processDebugMainManifest/manifest-merger-blame-debug-report.txt
1<?xml version="1.0" encoding="utf-8"?>
2<manifest xmlns:android="http://schemas.android.com/apk/res/android"
3    package="com.bureau.qr.host"
4    android:versionCode="1"
5    android:versionName="1.0" >
6
7    <uses-sdk
8        android:minSdkVersion="24"
9        android:targetSdkVersion="34" />
10
11    <uses-permission android:name="android.permission.CAMERA" />
11-->src/main/AndroidManifest.xml:5:5-65
11-->src/main/AndroidManifest.xml:5:22-62
12    <uses-permission android:name="android.permission.INTERNET" />
12-->src/main/AndroidManifest.xml:6:5-67
12-->src/main/AndroidManifest.xml:6:22-64
13
14    <queries>
14-->[com.github.chuckerteam.chucker:library:4.0.0] AndroidManifest.xml:7:5-13:15
15        <intent>
15-->[com.github.chuckerteam.chucker:library:4.0.0] AndroidManifest.xml:8:9-12:18
16            <action android:name="android.intent.action.CREATE_DOCUMENT" />
16-->[com.github.chuckerteam.chucker:library:4.0.0] AndroidManifest.xml:9:13-76
16-->[com.github.chuckerteam.chucker:library:4.0.0] AndroidManifest.xml:9:21-73
17
18            <data android:mimeType="*/*" />
18-->[com.github.chuckerteam.chucker:library:4.0.0] AndroidManifest.xml:11:13-44
18-->[com.github.chuckerteam.chucker:library:4.0.0] AndroidManifest.xml:11:19-41
19        </intent>
20    </queries>
21
22    <uses-permission
22-->[com.github.chuckerteam.chucker:library:4.0.0] AndroidManifest.xml:15:5-17:38
23        android:name="android.permission.WAKE_LOCK"
23-->[com.github.chuckerteam.chucker:library:4.0.0] AndroidManifest.xml:16:9-52
24        android:maxSdkVersion="25" />
24-->[com.github.chuckerteam.chucker:library:4.0.0] AndroidManifest.xml:17:9-35
25    <uses-permission android:name="android.permission.POST_NOTIFICATIONS" /> <!-- Flashlight permission for torch functionality -->
25-->[com.github.chuckerteam.chucker:library:4.0.0] AndroidManifest.xml:18:5-77
25-->[com.github.chuckerteam.chucker:library:4.0.0] AndroidManifest.xml:18:22-74
26    <uses-permission android:name="android.permission.FLASHLIGHT" /> <!-- Camera feature requirement -->
26-->[:sdk-qrscanner] AndroidManifest.xml:11:5-69
26-->[:sdk-qrscanner] AndroidManifest.xml:11:22-66
27    <uses-feature
27-->[:sdk-qrscanner] AndroidManifest.xml:17:5-19:35
28        android:name="android.hardware.camera"
28-->[:sdk-qrscanner] AndroidManifest.xml:18:9-47
29        android:required="true" />
29-->[:sdk-qrscanner] AndroidManifest.xml:19:9-32
30    <uses-feature
30-->[:sdk-qrscanner] AndroidManifest.xml:20:5-22:36
31        android:name="android.hardware.camera.autofocus"
31-->[:sdk-qrscanner] AndroidManifest.xml:21:9-57
32        android:required="false" />
32-->[:sdk-qrscanner] AndroidManifest.xml:22:9-33
33
34    <permission
34-->[androidx.core:core:1.13.1] AndroidManifest.xml:22:5-24:47
35        android:name="com.bureau.qr.host.DYNAMIC_RECEIVER_NOT_EXPORTED_PERMISSION"
35-->[androidx.core:core:1.13.1] AndroidManifest.xml:23:9-81
36        android:protectionLevel="signature" />
36-->[androidx.core:core:1.13.1] AndroidManifest.xml:24:9-44
37
38    <uses-permission android:name="com.bureau.qr.host.DYNAMIC_RECEIVER_NOT_EXPORTED_PERMISSION" /> <!-- Although the *SdkVersion is captured in gradle build files, this is required for non gradle builds -->
38-->[androidx.core:core:1.13.1] AndroidManifest.xml:26:5-97
38-->[androidx.core:core:1.13.1] AndroidManifest.xml:26:22-94
39    <!-- <uses-sdk android:minSdkVersion="14"/> -->
40    <uses-permission android:name="android.permission.ACCESS_NETWORK_STATE" />
40-->[com.google.android.datatransport:transport-backend-cct:2.3.3] AndroidManifest.xml:25:5-79
40-->[com.google.android.datatransport:transport-backend-cct:2.3.3] AndroidManifest.xml:25:22-76
41
42    <application
42-->src/main/AndroidManifest.xml:8:5-36:19
43        android:name="com.bureau.qr.host.HostApp"
43-->src/main/AndroidManifest.xml:9:9-32
44        android:allowBackup="true"
44-->src/main/AndroidManifest.xml:10:9-35
45        android:appComponentFactory="androidx.core.app.CoreComponentFactory"
45-->[androidx.core:core:1.13.1] AndroidManifest.xml:28:18-86
46        android:dataExtractionRules="@xml/data_extraction_rules"
46-->src/main/AndroidManifest.xml:11:9-65
47        android:debuggable="true"
48        android:extractNativeLibs="false"
49        android:fullBackupContent="@xml/backup_rules"
49-->src/main/AndroidManifest.xml:12:9-54
50        android:icon="@mipmap/ic_launcher"
50-->src/main/AndroidManifest.xml:13:9-43
51        android:label="@string/app_name"
51-->src/main/AndroidManifest.xml:14:9-41
52        android:roundIcon="@mipmap/ic_launcher_round"
52-->src/main/AndroidManifest.xml:15:9-54
53        android:supportsRtl="true"
53-->src/main/AndroidManifest.xml:16:9-35
54        android:theme="@style/Theme.BureauQRScannerDemo" >
54-->src/main/AndroidManifest.xml:17:9-57
55        <activity
55-->src/main/AndroidManifest.xml:20:9-29:20
56            android:name="com.bureau.qr.host.MainActivity"
56-->src/main/AndroidManifest.xml:21:13-41
57            android:exported="true"
57-->src/main/AndroidManifest.xml:22:13-36
58            android:label="@string/app_name"
58-->src/main/AndroidManifest.xml:23:13-45
59            android:theme="@style/Theme.BureauQRScannerDemo" >
59-->src/main/AndroidManifest.xml:24:13-61
60            <intent-filter>
60-->src/main/AndroidManifest.xml:25:13-28:29
61                <action android:name="android.intent.action.MAIN" />
61-->src/main/AndroidManifest.xml:26:17-69
61-->src/main/AndroidManifest.xml:26:25-66
62
63                <category android:name="android.intent.category.LAUNCHER" />
63-->src/main/AndroidManifest.xml:27:17-77
63-->src/main/AndroidManifest.xml:27:27-74
64            </intent-filter>
65        </activity>
66
67        <!-- SDK Activity -->
68        <activity
68-->src/main/AndroidManifest.xml:32:9-34:40
69            android:name="com.bureau.qrscanner.sdk.QrScannerActivity"
69-->src/main/AndroidManifest.xml:33:13-70
70            android:configChanges="orientation|screenSize|keyboardHidden"
70-->[:sdk-qrscanner] AndroidManifest.xml:27:13-74
71            android:exported="false"
71-->src/main/AndroidManifest.xml:34:13-37
72            android:screenOrientation="portrait"
72-->[:sdk-qrscanner] AndroidManifest.xml:29:13-49
73            android:theme="@style/Theme.AppCompat.Light.NoActionBar" />
73-->[:sdk-qrscanner] AndroidManifest.xml:30:13-69
74        <activity
74-->[com.github.chuckerteam.chucker:library:4.0.0] AndroidManifest.xml:21:9-26:52
75            android:name="com.chuckerteam.chucker.internal.ui.MainActivity"
75-->[com.github.chuckerteam.chucker:library:4.0.0] AndroidManifest.xml:22:13-76
76            android:label="@string/chucker_name"
76-->[com.github.chuckerteam.chucker:library:4.0.0] AndroidManifest.xml:23:13-49
77            android:launchMode="singleTask"
77-->[com.github.chuckerteam.chucker:library:4.0.0] AndroidManifest.xml:24:13-44
78            android:taskAffinity="com.chuckerteam.chucker.task"
78-->[com.github.chuckerteam.chucker:library:4.0.0] AndroidManifest.xml:25:13-64
79            android:theme="@style/Chucker.Theme" />
79-->[com.github.chuckerteam.chucker:library:4.0.0] AndroidManifest.xml:26:13-49
80        <activity
80-->[com.github.chuckerteam.chucker:library:4.0.0] AndroidManifest.xml:27:9-30:52
81            android:name="com.chuckerteam.chucker.internal.ui.transaction.TransactionActivity"
81-->[com.github.chuckerteam.chucker:library:4.0.0] AndroidManifest.xml:28:13-95
82            android:parentActivityName="com.chuckerteam.chucker.internal.ui.MainActivity"
82-->[com.github.chuckerteam.chucker:library:4.0.0] AndroidManifest.xml:29:13-90
83            android:theme="@style/Chucker.Theme" />
83-->[com.github.chuckerteam.chucker:library:4.0.0] AndroidManifest.xml:30:13-49
84
85        <service
85-->[com.github.chuckerteam.chucker:library:4.0.0] AndroidManifest.xml:32:9-35:72
86            android:name="com.chuckerteam.chucker.internal.support.ClearDatabaseService"
86-->[com.github.chuckerteam.chucker:library:4.0.0] AndroidManifest.xml:33:13-89
87            android:exported="false"
87-->[com.github.chuckerteam.chucker:library:4.0.0] AndroidManifest.xml:34:13-37
88            android:permission="android.permission.BIND_JOB_SERVICE" />
88-->[com.github.chuckerteam.chucker:library:4.0.0] AndroidManifest.xml:35:13-69
89
90        <receiver
90-->[com.github.chuckerteam.chucker:library:4.0.0] AndroidManifest.xml:37:9-39:40
91            android:name="com.chuckerteam.chucker.internal.support.ClearDatabaseJobIntentServiceReceiver"
91-->[com.github.chuckerteam.chucker:library:4.0.0] AndroidManifest.xml:38:13-106
92            android:exported="false" />
92-->[com.github.chuckerteam.chucker:library:4.0.0] AndroidManifest.xml:39:13-37
93
94        <provider
94-->[com.github.chuckerteam.chucker:library:4.0.0] AndroidManifest.xml:41:9-49:20
95            android:name="com.chuckerteam.chucker.internal.support.ChuckerFileProvider"
95-->[com.github.chuckerteam.chucker:library:4.0.0] AndroidManifest.xml:42:13-88
96            android:authorities="com.bureau.qr.host.com.chuckerteam.chucker.provider"
96-->[com.github.chuckerteam.chucker:library:4.0.0] AndroidManifest.xml:43:13-84
97            android:exported="false"
97-->[com.github.chuckerteam.chucker:library:4.0.0] AndroidManifest.xml:44:13-37
98            android:grantUriPermissions="true" >
98-->[com.github.chuckerteam.chucker:library:4.0.0] AndroidManifest.xml:45:13-47
99            <meta-data
99-->[com.github.chuckerteam.chucker:library:4.0.0] AndroidManifest.xml:46:13-48:66
100                android:name="android.support.FILE_PROVIDER_PATHS"
100-->[com.github.chuckerteam.chucker:library:4.0.0] AndroidManifest.xml:47:17-67
101                android:resource="@xml/chucker_provider_paths" />
101-->[com.github.chuckerteam.chucker:library:4.0.0] AndroidManifest.xml:48:17-63
102        </provider>
103
104        <service
104-->[com.google.android.gms:play-services-mlkit-barcode-scanning:18.3.0] AndroidManifest.xml:9:9-15:19
105            android:name="com.google.mlkit.common.internal.MlKitComponentDiscoveryService"
105-->[com.google.android.gms:play-services-mlkit-barcode-scanning:18.3.0] AndroidManifest.xml:10:13-91
106            android:directBootAware="true"
106-->[com.google.mlkit:common:18.9.0] AndroidManifest.xml:17:13-43
107            android:exported="false" >
107-->[com.google.android.gms:play-services-mlkit-barcode-scanning:18.3.0] AndroidManifest.xml:11:13-37
108            <meta-data
108-->[com.google.android.gms:play-services-mlkit-barcode-scanning:18.3.0] AndroidManifest.xml:12:13-14:85
109                android:name="com.google.firebase.components:com.google.mlkit.vision.barcode.internal.BarcodeRegistrar"
109-->[com.google.android.gms:play-services-mlkit-barcode-scanning:18.3.0] AndroidManifest.xml:13:17-120
110                android:value="com.google.firebase.components.ComponentRegistrar" />
110-->[com.google.android.gms:play-services-mlkit-barcode-scanning:18.3.0] AndroidManifest.xml:14:17-82
111            <meta-data
111-->[com.google.mlkit:vision-common:17.3.0] AndroidManifest.xml:12:13-14:85
112                android:name="com.google.firebase.components:com.google.mlkit.vision.common.internal.VisionCommonRegistrar"
112-->[com.google.mlkit:vision-common:17.3.0] AndroidManifest.xml:13:17-124
113                android:value="com.google.firebase.components.ComponentRegistrar" />
113-->[com.google.mlkit:vision-common:17.3.0] AndroidManifest.xml:14:17-82
114            <meta-data
114-->[com.google.mlkit:common:18.9.0] AndroidManifest.xml:20:13-22:85
115                android:name="com.google.firebase.components:com.google.mlkit.common.internal.CommonComponentRegistrar"
115-->[com.google.mlkit:common:18.9.0] AndroidManifest.xml:21:17-120
116                android:value="com.google.firebase.components.ComponentRegistrar" />
116-->[com.google.mlkit:common:18.9.0] AndroidManifest.xml:22:17-82
117        </service>
118
119        <provider
119-->[com.google.mlkit:common:18.9.0] AndroidManifest.xml:9:9-13:38
120            android:name="com.google.mlkit.common.internal.MlKitInitProvider"
120-->[com.google.mlkit:common:18.9.0] AndroidManifest.xml:10:13-78
121            android:authorities="com.bureau.qr.host.mlkitinitprovider"
121-->[com.google.mlkit:common:18.9.0] AndroidManifest.xml:11:13-69
122            android:exported="false"
122-->[com.google.mlkit:common:18.9.0] AndroidManifest.xml:12:13-37
123            android:initOrder="99" />
123-->[com.google.mlkit:common:18.9.0] AndroidManifest.xml:13:13-35
124
125        <service
125-->[androidx.camera:camera-camera2:1.4.0-alpha05] AndroidManifest.xml:24:9-33:19
126            android:name="androidx.camera.core.impl.MetadataHolderService"
126-->[androidx.camera:camera-camera2:1.4.0-alpha05] AndroidManifest.xml:25:13-75
127            android:enabled="false"
127-->[androidx.camera:camera-camera2:1.4.0-alpha05] AndroidManifest.xml:26:13-36
128            android:exported="false" >
128-->[androidx.camera:camera-camera2:1.4.0-alpha05] AndroidManifest.xml:27:13-37
129            <meta-data
129-->[androidx.camera:camera-camera2:1.4.0-alpha05] AndroidManifest.xml:30:13-32:89
130                android:name="androidx.camera.core.impl.MetadataHolderService.DEFAULT_CONFIG_PROVIDER"
130-->[androidx.camera:camera-camera2:1.4.0-alpha05] AndroidManifest.xml:31:17-103
131                android:value="androidx.camera.camera2.Camera2Config$DefaultProvider" />
131-->[androidx.camera:camera-camera2:1.4.0-alpha05] AndroidManifest.xml:32:17-86
132        </service>
133
134        <activity
134-->[com.google.android.gms:play-services-base:18.1.0] AndroidManifest.xml:20:9-22:45
135            android:name="com.google.android.gms.common.api.GoogleApiActivity"
135-->[com.google.android.gms:play-services-base:18.1.0] AndroidManifest.xml:20:19-85
136            android:exported="false"
136-->[com.google.android.gms:play-services-base:18.1.0] AndroidManifest.xml:22:19-43
137            android:theme="@android:style/Theme.Translucent.NoTitleBar" />
137-->[com.google.android.gms:play-services-base:18.1.0] AndroidManifest.xml:21:19-78
138
139        <meta-data
139-->[com.google.android.gms:play-services-basement:18.1.0] AndroidManifest.xml:21:9-23:69
140            android:name="com.google.android.gms.version"
140-->[com.google.android.gms:play-services-basement:18.1.0] AndroidManifest.xml:22:13-58
141            android:value="@integer/google_play_services_version" />
141-->[com.google.android.gms:play-services-basement:18.1.0] AndroidManifest.xml:23:13-66
142
143        <activity
143-->[androidx.compose.ui:ui-tooling-android:1.6.8] AndroidManifest.xml:23:9-25:39
144            android:name="androidx.compose.ui.tooling.PreviewActivity"
144-->[androidx.compose.ui:ui-tooling-android:1.6.8] AndroidManifest.xml:24:13-71
145            android:exported="true" />
145-->[androidx.compose.ui:ui-tooling-android:1.6.8] AndroidManifest.xml:25:13-36
146        <activity
146-->[androidx.compose.ui:ui-test-manifest:1.6.8] AndroidManifest.xml:23:9-25:39
147            android:name="androidx.activity.ComponentActivity"
147-->[androidx.compose.ui:ui-test-manifest:1.6.8] AndroidManifest.xml:24:13-63
148            android:exported="true" />
148-->[androidx.compose.ui:ui-test-manifest:1.6.8] AndroidManifest.xml:25:13-36
149
150        <provider
150-->[androidx.emoji2:emoji2:1.3.0] AndroidManifest.xml:24:9-32:20
151            android:name="androidx.startup.InitializationProvider"
151-->[androidx.emoji2:emoji2:1.3.0] AndroidManifest.xml:25:13-67
152            android:authorities="com.bureau.qr.host.androidx-startup"
152-->[androidx.emoji2:emoji2:1.3.0] AndroidManifest.xml:26:13-68
153            android:exported="false" >
153-->[androidx.emoji2:emoji2:1.3.0] AndroidManifest.xml:27:13-37
154            <meta-data
154-->[androidx.emoji2:emoji2:1.3.0] AndroidManifest.xml:29:13-31:52
155                android:name="androidx.emoji2.text.EmojiCompatInitializer"
155-->[androidx.emoji2:emoji2:1.3.0] AndroidManifest.xml:30:17-75
156                android:value="androidx.startup" />
156-->[androidx.emoji2:emoji2:1.3.0] AndroidManifest.xml:31:17-49
157            <meta-data
157-->[androidx.lifecycle:lifecycle-process:2.8.0] AndroidManifest.xml:29:13-31:52
158                android:name="androidx.lifecycle.ProcessLifecycleInitializer"
158-->[androidx.lifecycle:lifecycle-process:2.8.0] AndroidManifest.xml:30:17-78
159                android:value="androidx.startup" />
159-->[androidx.lifecycle:lifecycle-process:2.8.0] AndroidManifest.xml:31:17-49
160            <meta-data
160-->[androidx.profileinstaller:profileinstaller:1.3.1] AndroidManifest.xml:29:13-31:52
161                android:name="androidx.profileinstaller.ProfileInstallerInitializer"
161-->[androidx.profileinstaller:profileinstaller:1.3.1] AndroidManifest.xml:30:17-85
162                android:value="androidx.startup" />
162-->[androidx.profileinstaller:profileinstaller:1.3.1] AndroidManifest.xml:31:17-49
163        </provider>
164
165        <service
165-->[androidx.room:room-runtime:2.5.2] AndroidManifest.xml:24:9-28:63
166            android:name="androidx.room.MultiInstanceInvalidationService"
166-->[androidx.room:room-runtime:2.5.2] AndroidManifest.xml:25:13-74
167            android:directBootAware="true"
167-->[androidx.room:room-runtime:2.5.2] AndroidManifest.xml:26:13-43
168            android:exported="false" />
168-->[androidx.room:room-runtime:2.5.2] AndroidManifest.xml:27:13-37
169
170        <receiver
170-->[androidx.profileinstaller:profileinstaller:1.3.1] AndroidManifest.xml:34:9-52:20
171            android:name="androidx.profileinstaller.ProfileInstallReceiver"
171-->[androidx.profileinstaller:profileinstaller:1.3.1] AndroidManifest.xml:35:13-76
172            android:directBootAware="false"
172-->[androidx.profileinstaller:profileinstaller:1.3.1] AndroidManifest.xml:36:13-44
173            android:enabled="true"
173-->[androidx.profileinstaller:profileinstaller:1.3.1] AndroidManifest.xml:37:13-35
174            android:exported="true"
174-->[androidx.profileinstaller:profileinstaller:1.3.1] AndroidManifest.xml:38:13-36
175            android:permission="android.permission.DUMP" >
175-->[androidx.profileinstaller:profileinstaller:1.3.1] AndroidManifest.xml:39:13-57
176            <intent-filter>
176-->[androidx.profileinstaller:profileinstaller:1.3.1] AndroidManifest.xml:40:13-42:29
177                <action android:name="androidx.profileinstaller.action.INSTALL_PROFILE" />
177-->[androidx.profileinstaller:profileinstaller:1.3.1] AndroidManifest.xml:41:17-91
177-->[androidx.profileinstaller:profileinstaller:1.3.1] AndroidManifest.xml:41:25-88
178            </intent-filter>
179            <intent-filter>
179-->[androidx.profileinstaller:profileinstaller:1.3.1] AndroidManifest.xml:43:13-45:29
180                <action android:name="androidx.profileinstaller.action.SKIP_FILE" />
180-->[androidx.profileinstaller:profileinstaller:1.3.1] AndroidManifest.xml:44:17-85
180-->[androidx.profileinstaller:profileinstaller:1.3.1] AndroidManifest.xml:44:25-82
181            </intent-filter>
182            <intent-filter>
182-->[androidx.profileinstaller:profileinstaller:1.3.1] AndroidManifest.xml:46:13-48:29
183                <action android:name="androidx.profileinstaller.action.SAVE_PROFILE" />
183-->[androidx.profileinstaller:profileinstaller:1.3.1] AndroidManifest.xml:47:17-88
183-->[androidx.profileinstaller:profileinstaller:1.3.1] AndroidManifest.xml:47:25-85
184            </intent-filter>
185            <intent-filter>
185-->[androidx.profileinstaller:profileinstaller:1.3.1] AndroidManifest.xml:49:13-51:29
186                <action android:name="androidx.profileinstaller.action.BENCHMARK_OPERATION" />
186-->[androidx.profileinstaller:profileinstaller:1.3.1] AndroidManifest.xml:50:17-95
186-->[androidx.profileinstaller:profileinstaller:1.3.1] AndroidManifest.xml:50:25-92
187            </intent-filter>
188        </receiver>
189
190        <service
190-->[com.google.android.datatransport:transport-backend-cct:2.3.3] AndroidManifest.xml:29:9-35:19
191            android:name="com.google.android.datatransport.runtime.backends.TransportBackendDiscovery"
191-->[com.google.android.datatransport:transport-backend-cct:2.3.3] AndroidManifest.xml:30:13-103
192            android:exported="false" >
192-->[com.google.android.datatransport:transport-backend-cct:2.3.3] AndroidManifest.xml:31:13-37
193            <meta-data
193-->[com.google.android.datatransport:transport-backend-cct:2.3.3] AndroidManifest.xml:32:13-34:39
194                android:name="backend:com.google.android.datatransport.cct.CctBackendFactory"
194-->[com.google.android.datatransport:transport-backend-cct:2.3.3] AndroidManifest.xml:33:17-94
195                android:value="cct" />
195-->[com.google.android.datatransport:transport-backend-cct:2.3.3] AndroidManifest.xml:34:17-36
196        </service>
197        <service
197-->[com.google.android.datatransport:transport-runtime:2.2.6] AndroidManifest.xml:26:9-30:19
198            android:name="com.google.android.datatransport.runtime.scheduling.jobscheduling.JobInfoSchedulerService"
198-->[com.google.android.datatransport:transport-runtime:2.2.6] AndroidManifest.xml:27:13-117
199            android:exported="false"
199-->[com.google.android.datatransport:transport-runtime:2.2.6] AndroidManifest.xml:28:13-37
200            android:permission="android.permission.BIND_JOB_SERVICE" >
200-->[com.google.android.datatransport:transport-runtime:2.2.6] AndroidManifest.xml:29:13-69
201        </service>
202
203        <receiver
203-->[com.google.android.datatransport:transport-runtime:2.2.6] AndroidManifest.xml:32:9-34:40
204            android:name="com.google.android.datatransport.runtime.scheduling.jobscheduling.AlarmManagerSchedulerBroadcastReceiver"
204-->[com.google.android.datatransport:transport-runtime:2.2.6] AndroidManifest.xml:33:13-132
205            android:exported="false" />
205-->[com.google.android.datatransport:transport-runtime:2.2.6] AndroidManifest.xml:34:13-37
206    </application>
207
208</manifest>